<?xml version="1.0" encoding="UTF-8" standalone="no"?>
<!DOCTYPE log SYSTEM "logger.dtd">
<log>
<record>
  <date>2024-11-28T13:23:27.991947500Z</date>
  <millis>1732800207991</millis>
  <nanos>947500</nanos>
  <sequence>0</sequence>
  <logger>controlPanelLog</logger>
  <level>INFO</level>
  <class>no.ntnu.tools.ControlPanelLogger</class>
  <method>info</method>
  <thread>1</thread>
  <message>Running control panel GUI...</message>
</record>
<record>
  <date>2024-11-28T13:23:30.325681700Z</date>
  <millis>1732800210325</millis>
  <nanos>681700</nanos>
  <sequence>2</sequence>
  <logger>controlPanelLog</logger>
  <level>INFO</level>
  <class>no.ntnu.tools.ControlPanelLogger</class>
  <method>info</method>
  <thread>28</thread>
  <message>GUI subscribes to lifecycle events</message>
</record>
<record>
  <date>2024-11-28T13:23:30.879384300Z</date>
  <millis>1732800210879</millis>
  <nanos>384300</nanos>
  <sequence>3</sequence>
  <logger>controlPanelLog</logger>
  <level>INFO</level>
  <class>no.ntnu.tools.ControlPanelLogger</class>
  <method>info</method>
  <thread>23</thread>
  <message>Sensor data from greenhouse 52488</message>
</record>
<record>
  <date>2024-11-28T13:23:35.917609200Z</date>
  <millis>1732800215917</millis>
  <nanos>609200</nanos>
  <sequence>4</sequence>
  <logger>controlPanelLog</logger>
  <level>INFO</level>
  <class>no.ntnu.tools.ControlPanelLogger</class>
  <method>info</method>
  <thread>23</thread>
  <message>Sensor data from greenhouse 52488</message>
</record>
<record>
  <date>2024-11-28T13:23:40.896547400Z</date>
  <millis>1732800220896</millis>
  <nanos>547400</nanos>
  <sequence>5</sequence>
  <logger>controlPanelLog</logger>
  <level>INFO</level>
  <class>no.ntnu.tools.ControlPanelLogger</class>
  <method>info</method>
  <thread>23</thread>
  <message>Sensor data from greenhouse 52488</message>
</record>
<record>
  <date>2024-11-28T13:23:45.874175200Z</date>
  <millis>1732800225874</millis>
  <nanos>175200</nanos>
  <sequence>6</sequence>
  <logger>controlPanelLog</logger>
  <level>INFO</level>
  <class>no.ntnu.tools.ControlPanelLogger</class>
  <method>info</method>
  <thread>23</thread>
  <message>Sensor data from greenhouse 52488</message>
</record>
<record>
  <date>2024-11-28T13:23:50.857442500Z</date>
  <millis>1732800230857</millis>
  <nanos>442500</nanos>
  <sequence>7</sequence>
  <logger>controlPanelLog</logger>
  <level>INFO</level>
  <class>no.ntnu.tools.ControlPanelLogger</class>
  <method>info</method>
  <thread>23</thread>
  <message>Sensor data from greenhouse 52488</message>
</record>
<record>
  <date>2024-11-28T13:23:55.890646800Z</date>
  <millis>1732800235890</millis>
  <nanos>646800</nanos>
  <sequence>8</sequence>
  <logger>controlPanelLog</logger>
  <level>INFO</level>
  <class>no.ntnu.tools.ControlPanelLogger</class>
  <method>info</method>
  <thread>23</thread>
  <message>Sensor data from greenhouse 52488</message>
</record>
<record>
  <date>2024-11-28T13:24:00.879303Z</date>
  <millis>1732800240879</millis>
  <nanos>303000</nanos>
  <sequence>9</sequence>
  <logger>controlPanelLog</logger>
  <level>INFO</level>
  <class>no.ntnu.tools.ControlPanelLogger</class>
  <method>info</method>
  <thread>23</thread>
  <message>Sensor data from greenhouse 52488</message>
</record>
<record>
  <date>2024-11-28T13:24:05.855505600Z</date>
  <millis>1732800245855</millis>
  <nanos>505600</nanos>
  <sequence>10</sequence>
  <logger>controlPanelLog</logger>
  <level>INFO</level>
  <class>no.ntnu.tools.ControlPanelLogger</class>
  <method>info</method>
  <thread>23</thread>
  <message>Sensor data from greenhouse 52488</message>
</record>
<record>
  <date>2024-11-28T13:24:10.897611100Z</date>
  <millis>1732800250897</millis>
  <nanos>611100</nanos>
  <sequence>11</sequence>
  <logger>controlPanelLog</logger>
  <level>INFO</level>
  <class>no.ntnu.tools.ControlPanelLogger</class>
  <method>info</method>
  <thread>23</thread>
  <message>Sensor data from greenhouse 52488</message>
</record>
<record>
  <date>2024-11-28T13:24:15.870547500Z</date>
  <millis>1732800255870</millis>
  <nanos>547500</nanos>
  <sequence>12</sequence>
  <logger>controlPanelLog</logger>
  <level>INFO</level>
  <class>no.ntnu.tools.ControlPanelLogger</class>
  <method>info</method>
  <thread>23</thread>
  <message>Sensor data from greenhouse 52488</message>
</record>
<record>
  <date>2024-11-28T13:24:20.901338900Z</date>
  <millis>1732800260901</millis>
  <nanos>338900</nanos>
  <sequence>13</sequence>
  <logger>controlPanelLog</logger>
  <level>INFO</level>
  <class>no.ntnu.tools.ControlPanelLogger</class>
  <method>info</method>
  <thread>23</thread>
  <message>Sensor data from greenhouse 52488</message>
</record>
<record>
  <date>2024-11-28T13:24:21.904477300Z</date>
  <millis>1732800261904</millis>
  <nanos>477300</nanos>
  <sequence>14</sequence>
  <logger>controlPanelLog</logger>
  <level>INFO</level>
  <class>no.ntnu.tools.ControlPanelLogger</class>
  <method>info</method>
  <thread>28</thread>
  <message>Exiting the control panel application</message>
</record>
<record>
  <date>2024-11-28T13:24:21.906589Z</date>
  <millis>1732800261906</millis>
  <nanos>589000</nanos>
  <sequence>15</sequence>
  <logger>controlPanelLog</logger>
  <level>WARNING</level>
  <class>no.ntnu.tools.ControlPanelLogger</class>
  <method>error</method>
  <thread>23</thread>
  <message>Thread timeout </message>
</record>
</log>
