<?xml version="1.0" encoding="UTF-8" standalone="no"?>
<!DOCTYPE log SYSTEM "logger.dtd">
<log>
<record>
  <date>2024-11-28T13:23:24.257757600Z</date>
  <millis>1732800204257</millis>
  <nanos>757600</nanos>
  <sequence>0</sequence>
  <logger>greenhouseLog</logger>
  <level>INFO</level>
  <class>no.ntnu.tools.GreenhouseLogger</class>
  <method>info</method>
  <thread>1</thread>
  <message>sending node info to server</message>
</record>
<record>
  <date>2024-11-28T13:23:30.428596Z</date>
  <millis>1732800210428</millis>
  <nanos>596000</nanos>
  <sequence>1</sequence>
  <logger>greenhouseLog</logger>
  <level>INFO</level>
  <class>no.ntnu.tools.GreenhouseLogger</class>
  <method>info</method>
  <thread>1</thread>
  <message>sending node info to server</message>
</record>
</log>
