<?xml version="1.0" encoding="UTF-8" standalone="no"?>
<!DOCTYPE log SYSTEM "logger.dtd">
<log>
<record>
  <date>2024-11-28T13:23:19.209187300Z</date>
  <millis>1732800199209</millis>
  <nanos>187300</nanos>
  <sequence>0</sequence>
  <logger>serverLog</logger>
  <level>INFO</level>
  <class>no.ntnu.tools.ServerLogger</class>
  <method>info</method>
  <thread>1</thread>
  <message>server starting</message>
</record>
<record>
  <date>2024-11-28T13:23:19.308238Z</date>
  <millis>1732800199308</millis>
  <nanos>238000</nanos>
  <sequence>1</sequence>
  <logger>serverLog</logger>
  <level>INFO</level>
  <class>no.ntnu.tools.ServerLogger</class>
  <method>info</method>
  <thread>1</thread>
  <message>Running on port: 1238</message>
</record>
<record>
  <date>2024-11-28T13:23:24.404178300Z</date>
  <millis>1732800204404</millis>
  <nanos>178300</nanos>
  <sequence>2</sequence>
  <logger>serverLog</logger>
  <level>INFO</level>
  <class>no.ntnu.tools.ServerLogger</class>
  <method>info</method>
  <thread>1</thread>
  <message>I am greenouse: 52488</message>
</record>
<record>
  <date>2024-11-28T13:23:24.405605500Z</date>
  <millis>1732800204405</millis>
  <nanos>605500</nanos>
  <sequence>3</sequence>
  <logger>serverLog</logger>
  <level>INFO</level>
  <class>no.ntnu.tools.ServerLogger</class>
  <method>info</method>
  <thread>1</thread>
  <message>Connected to: 52488</message>
</record>
<record>
  <date>2024-11-28T13:23:24.407825200Z</date>
  <millis>1732800204407</millis>
  <nanos>825200</nanos>
  <sequence>4</sequence>
  <logger>serverLog</logger>
  <level>INFO</level>
  <class>no.ntnu.tools.ServerLogger</class>
  <method>info</method>
  <thread>1</thread>
  <message>holding sockets for: [52488] and []</message>
</record>
<record>
  <date>2024-11-28T13:23:30.374103800Z</date>
  <millis>1732800210374</millis>
  <nanos>103800</nanos>
  <sequence>5</sequence>
  <logger>serverLog</logger>
  <level>INFO</level>
  <class>no.ntnu.tools.ServerLogger</class>
  <method>info</method>
  <thread>1</thread>
  <message>new control panel connected</message>
</record>
<record>
  <date>2024-11-28T13:23:30.377114600Z</date>
  <millis>1732800210377</millis>
  <nanos>114600</nanos>
  <sequence>6</sequence>
  <logger>serverLog</logger>
  <level>INFO</level>
  <class>no.ntnu.tools.ServerLogger</class>
  <method>info</method>
  <thread>1</thread>
  <message>Connected to: 52493</message>
</record>
<record>
  <date>2024-11-28T13:23:30.377114600Z</date>
  <millis>1732800210377</millis>
  <nanos>114600</nanos>
  <sequence>7</sequence>
  <logger>serverLog</logger>
  <level>INFO</level>
  <class>no.ntnu.tools.ServerLogger</class>
  <method>info</method>
  <thread>1</thread>
  <message>holding sockets for: [52488] and [52493]</message>
</record>
<record>
  <date>2024-11-28T13:24:21.906589Z</date>
  <millis>1732800261906</millis>
  <nanos>589000</nanos>
  <sequence>8</sequence>
  <logger>serverLog</logger>
  <level>INFO</level>
  <class>no.ntnu.tools.ServerLogger</class>
  <method>info</method>
  <thread>24</thread>
  <message>Attempting to close greenouse socket with port 52493</message>
</record>
<record>
  <date>2024-11-28T13:24:21.909975Z</date>
  <millis>1732800261909</millis>
  <nanos>975000</nanos>
  <sequence>9</sequence>
  <logger>serverLog</logger>
  <level>INFO</level>
  <class>no.ntnu.tools.ServerLogger</class>
  <method>info</method>
  <thread>24</thread>
  <message>Greenouse socket with port 52493 closed</message>
</record>
</log>
